0 info it worked if it ends with ok
1 verbose cli [ '/usr/local/bin/node',
1 verbose cli   '/usr/local/bin/npm',
1 verbose cli   'install',
1 verbose cli   '-g',
1 verbose cli   'grunt' ]
2 info using npm@2.14.7
3 info using node@v4.2.2
4 verbose install initial load of /usr/local/lib/package.json
5 verbose readDependencies loading dependencies from /usr/local/lib/package.json
6 silly cache add args [ 'grunt', null ]
7 verbose cache add spec grunt
8 silly cache add parsed spec Result {
8 silly cache add   raw: 'grunt',
8 silly cache add   scope: null,
8 silly cache add   name: 'grunt',
8 silly cache add   rawSpec: '',
8 silly cache add   spec: '*',
8 silly cache add   type: 'range' }
9 silly addNamed grunt@*
10 verbose addNamed "*" is a valid semver range for grunt
11 silly addNameRange { name: 'grunt', range: '*', hasData: false }
12 silly mapToRegistry name grunt
13 silly mapToRegistry using default registry
14 silly mapToRegistry registry https://registry.npmjs.org/
15 silly mapToRegistry uri https://registry.npmjs.org/grunt
16 verbose addNameRange registry:https://registry.npmjs.org/grunt not in flight; fetching
17 verbose request uri https://registry.npmjs.org/grunt
18 verbose request no auth needed
19 info attempt registry request try #1 at 1:38:24 PM
20 verbose request id 3cb4909904887f82
21 verbose etag "1D1PUYUTUJNAYR49KU4G9JQRB"
22 http request GET https://registry.npmjs.org/grunt
23 http 304 https://registry.npmjs.org/grunt
24 verbose headers { date: 'Fri, 25 Dec 2015 05:38:20 GMT',
24 verbose headers   via: '1.1 varnish',
24 verbose headers   'cache-control': 'max-age=300',
24 verbose headers   etag: '"1D1PUYUTUJNAYR49KU4G9JQRB"',
24 verbose headers   age: '0',
24 verbose headers   connection: 'keep-alive',
24 verbose headers   'x-served-by': 'cache-itm7424-ITM',
24 verbose headers   'x-cache': 'HIT',
24 verbose headers   'x-cache-hits': '1',
24 verbose headers   'x-timer': 'S1451021900.342616,VS0,VE648',
24 verbose headers   vary: 'Accept' }
25 silly get cb [ 304,
25 silly get   { date: 'Fri, 25 Dec 2015 05:38:20 GMT',
25 silly get     via: '1.1 varnish',
25 silly get     'cache-control': 'max-age=300',
25 silly get     etag: '"1D1PUYUTUJNAYR49KU4G9JQRB"',
25 silly get     age: '0',
25 silly get     connection: 'keep-alive',
25 silly get     'x-served-by': 'cache-itm7424-ITM',
25 silly get     'x-cache': 'HIT',
25 silly get     'x-cache-hits': '1',
25 silly get     'x-timer': 'S1451021900.342616,VS0,VE648',
25 silly get     vary: 'Accept' } ]
26 verbose etag https://registry.npmjs.org/grunt from cache
27 verbose get saving grunt to /Users/yinfeng/.npm/registry.npmjs.org/grunt/.cache.json
28 silly addNameRange number 2 { name: 'grunt', range: '*', hasData: true }
29 silly addNameRange versions [ 'grunt',
29 silly addNameRange   [ '0.1.0',
29 silly addNameRange     '0.1.1',
29 silly addNameRange     '0.1.2',
29 silly addNameRange     '0.2.0',
29 silly addNameRange     '0.2.1',
29 silly addNameRange     '0.2.2',
29 silly addNameRange     '0.2.3',
29 silly addNameRange     '0.2.4',
29 silly addNameRange     '0.2.5',
29 silly addNameRange     '0.2.6',
29 silly addNameRange     '0.2.7',
29 silly addNameRange     '0.2.8',
29 silly addNameRange     '0.2.9',
29 silly addNameRange     '0.2.10',
29 silly addNameRange     '0.2.11',
29 silly addNameRange     '0.2.12',
29 silly addNameRange     '0.2.13',
29 silly addNameRange     '0.2.14',
29 silly addNameRange     '0.2.15',
29 silly addNameRange     '0.3.0',
29 silly addNameRange     '0.3.1',
29 silly addNameRange     '0.3.2',
29 silly addNameRange     '0.3.3',
29 silly addNameRange     '0.3.4',
29 silly addNameRange     '0.3.5',
29 silly addNameRange     '0.3.6',
29 silly addNameRange     '0.3.7',
29 silly addNameRange     '0.3.8',
29 silly addNameRange     '0.3.9',
29 silly addNameRange     '0.3.10',
29 silly addNameRange     '0.3.11',
29 silly addNameRange     '0.3.12',
29 silly addNameRange     '0.3.13',
29 silly addNameRange     '0.3.14',
29 silly addNameRange     '0.3.15',
29 silly addNameRange     '0.3.16',
29 silly addNameRange     '0.3.17',
29 silly addNameRange     '0.4.0',
29 silly addNameRange     '0.4.1',
29 silly addNameRange     '0.4.2',
29 silly addNameRange     '0.4.3',
29 silly addNameRange     '0.4.4',
29 silly addNameRange     '0.4.5',
29 silly addNameRange     '0.3.13-a',
29 silly addNameRange     '0.4.0-a',
29 silly addNameRange     '0.4.0-rc1',
29 silly addNameRange     '0.4.0-rc2',
29 silly addNameRange     '0.4.0-rc3',
29 silly addNameRange     '0.4.0-rc4',
29 silly addNameRange     '0.4.0-rc5',
29 silly addNameRange     '0.4.0-rc6',
29 silly addNameRange     '0.4.0-rc7',
29 silly addNameRange     '0.4.0-rc8' ] ]
30 silly addNamed grunt@0.4.5
31 verbose addNamed "0.4.5" is a plain semver version for grunt
32 silly cache afterAdd grunt@0.4.5
33 verbose afterAdd /Users/yinfeng/.npm/grunt/0.4.5/package/package.json not in flight; writing
34 verbose afterAdd /Users/yinfeng/.npm/grunt/0.4.5/package/package.json written
35 silly install resolved [ { name: 'grunt',
35 silly install resolved     description: 'The JavaScript Task Runner',
35 silly install resolved     version: '0.4.5',
35 silly install resolved     author: { name: '"Cowboy" Ben Alman', url: 'http://benalman.com/' },
35 silly install resolved     homepage: 'http://gruntjs.com/',
35 silly install resolved     repository: { type: 'git', url: 'git://github.com/gruntjs/grunt.git' },
35 silly install resolved     bugs: { url: 'http://github.com/gruntjs/grunt/issues' },
35 silly install resolved     licenses: [ [Object] ],
35 silly install resolved     main: 'lib/grunt',
35 silly install resolved     scripts: { test: 'grunt test' },
35 silly install resolved     engines: { node: '>= 0.8.0' },
35 silly install resolved     keywords:
35 silly install resolved      [ 'task',
35 silly install resolved        'async',
35 silly install resolved        'cli',
35 silly install resolved        'minify',
35 silly install resolved        'uglify',
35 silly install resolved        'build',
35 silly install resolved        'lodash',
35 silly install resolved        'unit',
35 silly install resolved        'test',
35 silly install resolved        'qunit',
35 silly install resolved        'nodeunit',
35 silly install resolved        'server',
35 silly install resolved        'init',
35 silly install resolved        'scaffold',
35 silly install resolved        'make',
35 silly install resolved        'jake',
35 silly install resolved        'tool' ],
35 silly install resolved     dependencies:
35 silly install resolved      { async: '~0.1.22',
35 silly install resolved        'coffee-script': '~1.3.3',
35 silly install resolved        colors: '~0.6.2',
35 silly install resolved        dateformat: '1.0.2-1.2.3',
35 silly install resolved        eventemitter2: '~0.4.13',
35 silly install resolved        'findup-sync': '~0.1.2',
35 silly install resolved        glob: '~3.1.21',
35 silly install resolved        hooker: '~0.2.3',
35 silly install resolved        'iconv-lite': '~0.2.11',
35 silly install resolved        minimatch: '~0.2.12',
35 silly install resolved        nopt: '~1.0.10',
35 silly install resolved        rimraf: '~2.2.8',
35 silly install resolved        lodash: '~0.9.2',
35 silly install resolved        'underscore.string': '~2.2.1',
35 silly install resolved        which: '~1.0.5',
35 silly install resolved        'js-yaml': '~2.0.5',
35 silly install resolved        exit: '~0.1.1',
35 silly install resolved        getobject: '~0.1.0',
35 silly install resolved        'grunt-legacy-util': '~0.2.0',
35 silly install resolved        'grunt-legacy-log': '~0.1.0' },
35 silly install resolved     devDependencies:
35 silly install resolved      { temporary: '~0.0.4',
35 silly install resolved        'grunt-contrib-jshint': '~0.6.4',
35 silly install resolved        'grunt-contrib-nodeunit': '~0.2.0',
35 silly install resolved        'grunt-contrib-watch': '~0.5.3',
35 silly install resolved        difflet: '~0.2.3',
35 silly install resolved        semver: '2.1.0',
35 silly install resolved        shelljs: '~0.2.5' },
35 silly install resolved     _id: 'grunt@0.4.5',
35 silly install resolved     dist:
35 silly install resolved      { shasum: '56937cd5194324adff6d207631832a9d6ba4e7f0',
35 silly install resolved        tarball: 'http://registry.npmjs.org/grunt/-/grunt-0.4.5.tgz' },
35 silly install resolved     _from: 'grunt@*',
35 silly install resolved     _npmVersion: '1.4.4',
35 silly install resolved     _npmUser: { name: 'cowboy', email: 'cowboy@rj3.net' },
35 silly install resolved     maintainers: [ [Object], [Object] ],
35 silly install resolved     directories: {},
35 silly install resolved     _shasum: '56937cd5194324adff6d207631832a9d6ba4e7f0',
35 silly install resolved     _resolved: 'https://registry.npmjs.org/grunt/-/grunt-0.4.5.tgz',
35 silly install resolved     readme: 'ERROR: No README data found!' } ]
36 info install grunt@0.4.5 into /usr/local/lib
37 info installOne grunt@0.4.5
38 verbose installOne of grunt to /usr/local/lib not in flight; installing
39 verbose lock using /Users/yinfeng/.npm/_locks/grunt-3732043049c4c2bf.lock for /usr/local/lib/node_modules/grunt
40 silly install write writing grunt 0.4.5 to /usr/local/lib/node_modules/grunt
41 verbose unbuild lib/node_modules/grunt
42 silly gentlyRm /usr/local/lib/node_modules/grunt is being purged from base /usr/local
43 verbose gentlyRm don't care about contents; nuking /usr/local/lib/node_modules/grunt
44 verbose tar unpack /Users/yinfeng/.npm/grunt/0.4.5/package.tgz
45 verbose tar unpacking to /usr/local/lib/node_modules/grunt
46 silly gentlyRm /usr/local/lib/node_modules/grunt is being purged
47 verbose gentlyRm don't care about contents; nuking /usr/local/lib/node_modules/grunt
48 silly gunzTarPerm modes [ '755', '644' ]
49 error tar.unpack untar error /Users/yinfeng/.npm/grunt/0.4.5/package.tgz
50 verbose unlock done using /Users/yinfeng/.npm/_locks/grunt-3732043049c4c2bf.lock for /usr/local/lib/node_modules/grunt
51 verbose fstream_path /usr/local/lib/node_modules/grunt
52 verbose fstream_type Directory
53 verbose fstream_class DirWriter
54 verbose stack Error: EACCES: permission denied, mkdir '/usr/local/lib/node_modules/grunt'
54 verbose stack     at Error (native)
55 verbose fstream_stack /usr/local/lib/node_modules/npm/node_modules/fstream/lib/dir-writer.js:35:25
55 verbose fstream_stack /usr/local/lib/node_modules/npm/node_modules/mkdirp/index.js:47:53
55 verbose fstream_stack FSReqWrap.oncomplete (fs.js:82:15)
56 verbose cwd /Users/yinfeng/code/fei/Mark_III
57 error Darwin 15.2.0
58 error argv "/usr/local/bin/node" "/usr/local/bin/npm" "install" "-g" "grunt"
59 error node v4.2.2
60 error npm  v2.14.7
61 error path /usr/local/lib/node_modules/grunt
62 error code EACCES
63 error errno -13
64 error syscall mkdir
65 error Error: EACCES: permission denied, mkdir '/usr/local/lib/node_modules/grunt'
65 error     at Error (native)
65 error  { [Error: EACCES: permission denied, mkdir '/usr/local/lib/node_modules/grunt']
65 error   errno: -13,
65 error   code: 'EACCES',
65 error   syscall: 'mkdir',
65 error   path: '/usr/local/lib/node_modules/grunt',
65 error   fstream_type: 'Directory',
65 error   fstream_path: '/usr/local/lib/node_modules/grunt',
65 error   fstream_class: 'DirWriter',
65 error   fstream_stack:
65 error    [ '/usr/local/lib/node_modules/npm/node_modules/fstream/lib/dir-writer.js:35:25',
65 error      '/usr/local/lib/node_modules/npm/node_modules/mkdirp/index.js:47:53',
65 error      'FSReqWrap.oncomplete (fs.js:82:15)' ] }
66 error Please try running this command again as root/Administrator.
67 verbose exit [ -13, true ]
68 verbose unbuild lib/node_modules/grunt
69 silly gentlyRm /usr/local/lib/node_modules/grunt is being purged from base /usr/local
70 verbose gentlyRm don't care about contents; nuking /usr/local/lib/node_modules/grunt
